<?xml version="1.0" encoding="UTF-8"?>
<testng-results ignored="0" total="1" passed="1" failed="0" skipped="0">
  <reporter-output>
  </reporter-output>
  <suite started-at="2024-06-03T15:32:20 IST" name="Default suite" finished-at="2024-06-03T15:32:33 IST" duration-ms="12939">
    <groups>
    </groups>
    <test started-at="2024-06-03T15:32:20 IST" name="Default test" finished-at="2024-06-03T15:32:33 IST" duration-ms="12939">
      <class name="xtentreports.E1">
        <test-method is-config="true" signature="startTest()[pri:0, instance:xtentreports.E1@2b91004a]" started-at="2024-06-03T15:32:20 IST" name="startTest" finished-at="2024-06-03T15:32:22 IST" duration-ms="1676" status="PASS">
          <reporter-output>
          </reporter-output>
        </test-method> <!-- startTest -->
        <test-method signature="extentReportsDemo()[pri:0, instance:xtentreports.E1@2b91004a]" started-at="2024-06-03T15:32:22 IST" name="extentReportsDemo" finished-at="2024-06-03T15:32:33 IST" duration-ms="10727" status="PASS">
          <reporter-output>
          </reporter-output>
        </test-method> <!-- extentReportsDemo -->
        <test-method is-config="true" signature="endTest()[pri:0, instance:xtentreports.E1@2b91004a]" started-at="2024-06-03T15:32:33 IST" name="endTest" finished-at="2024-06-03T15:32:33 IST" duration-ms="461" status="PASS">
          <reporter-output>
          </reporter-output>
        </test-method> <!-- endTest -->
      </class> <!-- xtentreports.E1 -->
    </test> <!-- Default test -->
  </suite> <!-- Default suite -->
</testng-results>
